#
# There is insufficient memory for the Java Runtime Environment to continue.
# Native memory allocation (malloc) failed to allocate 1048576 bytes for AllocateHeap
# Possible reasons:
#   The system is out of physical RAM or swap space
#   In 32 bit mode, the process size limit was hit
# Possible solutions:
#   Reduce memory load on the system
#   Increase physical memory or swap space
#   Check if swap backing store is full
#   Use 64 bit Java on a 64 bit OS
#   Decrease Java heap size (-Xmx/-Xms)
#   Decrease number of Java threads
#   Decrease Java thread stack sizes (-Xss)
#   Set larger code cache with -XX:ReservedCodeCacheSize=
# This output file may be truncated or incomplete.
#
#  Out of Memory Error (memory/allocation.inline.hpp:61), pid=18300, tid=0x0000000000004fe4
#
# JRE version:  (8.0_131-b11) (build )
# Java VM: Java HotSpot(TM) 64-Bit Server VM (25.131-b11 mixed mode windows-amd64 compressed oops)
# Failed to write core dump. Minidumps are not enabled by default on client versions of Windows
#

---------------  T H R E A D  ---------------

Current thread (0x0000000000afe800):  JavaThread "Unknown thread" [_thread_in_vm, id=20452, stack(0x00000000022d0000,0x00000000023d0000)]

Stack: [0x00000000022d0000,0x00000000023d0000]
[error occurred during error reporting (printing stack bounds), id 0xc0000005]

Native frames: (J=compiled Java code, j=interpreted, Vv=VM code, C=native code)


---------------  P R O C E S S  ---------------

Java Threads: ( => current thread )

Other Threads:

=>0x0000000000afe800 (exited) JavaThread "Unknown thread" [_thread_in_vm, id=20452, stack(0x00000000022d0000,0x00000000023d0000)]

VM state:not at safepoint (normal execution)

VM Mutex/Monitor currently owned by a thread: None

Heap:
 PSYoungGen      total 37888K, used 655K [0x00000000d6000000, 0x00000000d8a00000, 0x0000000100000000)
  eden space 32768K, 2% used [0x00000000d6000000,0x00000000d60a3d80,0x00000000d8000000)
  from space 5120K, 0% used [0x00000000d8500000,0x00000000d8500000,0x00000000d8a00000)
  to   space 5120K, 0% used [0x00000000d8000000,0x00000000d8000000,0x00000000d8500000)
 ParOldGen       total 86016K, used 0K [0x0000000082000000, 0x0000000087400000, 0x00000000d6000000)
  object space 86016K, 0% used [0x0000000082000000,0x0000000082000000,0x0000000087400000)
 Metaspace       used 770K, capacity 4480K, committed 4480K, reserved 1056768K
  class space    used 75K, capacity 384K, committed 384K, reserved 1048576K

Card table byte_map: [0x0000000011890000,0x0000000011c90000] byte_map_base: 0x0000000011480000

Marking Bits: (ParMarkBitMap*) 0x00000000703bc720
 Begin Bits: [0x0000000012330000, 0x00000000142b0000)
 End Bits:   [0x00000000142b0000, 0x0000000016230000)

Polling page: 0x0000000000550000

CodeCache: size=245760Kb used=328Kb max_used=328Kb free=245431Kb
 bounds [0x00000000024d0000, 0x0000000002740000, 0x00000000114d0000]
 total_blobs=58 nmethods=0 adapters=38
 compilation: enabled

Compilation events (0 events):
No events

GC Heap History (0 events):
No events

Deoptimization events (0 events):
No events

Internal exceptions (0 events):
No events

Events (10 events):
Event: 0.032 loading class java/lang/Short
Event: 0.032 loading class java/lang/Short done
Event: 0.032 loading class java/lang/Integer
Event: 0.032 loading class java/lang/Integer done
Event: 0.032 loading class java/lang/Long
Event: 0.032 loading class java/lang/Long done
Event: 0.033 loading class java/lang/NullPointerException
Event: 0.033 loading class java/lang/NullPointerException done
Event: 0.033 loading class java/lang/ArithmeticException
Event: 0.033 loading class java/lang/ArithmeticException done


Dynamic libraries:
0x00007ff742020000 - 0x00007ff742057000 	C:\Program Files\Java\jdk1.8.0_131\bin\javaw.exe
0x00007ffd9d830000 - 0x00007ffd9da11000 	C:\WINDOWS\SYSTEM32\ntdll.dll
0x00007ffd9b880000 - 0x00007ffd9b932000 	C:\WINDOWS\System32\KERNEL32.DLL
0x00007ffd9a9c0000 - 0x00007ffd9ac33000 	C:\WINDOWS\System32\KERNELBASE.dll
0x00007ffd9bc20000 - 0x00007ffd9bcc1000 	C:\WINDOWS\System32\ADVAPI32.dll
0x00007ffd9d6e0000 - 0x00007ffd9d77e000 	C:\WINDOWS\System32\msvcrt.dll
0x00007ffd9be70000 - 0x00007ffd9becb000 	C:\WINDOWS\System32\sechost.dll
0x00007ffd9bab0000 - 0x00007ffd9bbd4000 	C:\WINDOWS\System32\RPCRT4.dll
0x00007ffd9b4b0000 - 0x00007ffd9b640000 	C:\WINDOWS\System32\USER32.dll
0x00007ffd99e50000 - 0x00007ffd99e70000 	C:\WINDOWS\System32\win32u.dll
0x00007ffd9c020000 - 0x00007ffd9c048000 	C:\WINDOWS\System32\GDI32.dll
0x00007ffd99c00000 - 0x00007ffd99d92000 	C:\WINDOWS\System32\gdi32full.dll
0x00007ffd99e70000 - 0x00007ffd99f0f000 	C:\WINDOWS\System32\msvcp_win.dll
0x00007ffd99f10000 - 0x00007ffd9a00a000 	C:\WINDOWS\System32\ucrtbase.dll
0x00007ffd86640000 - 0x00007ffd868a9000 	C:\WINDOWS\WinSxS\amd64_microsoft.windows.common-controls_6595b64144ccf1df_6.0.17134.48_none_b4b2216a3cb4dd3e\COMCTL32.dll
0x00007ffd9acd0000 - 0x00007ffd9aff3000 	C:\WINDOWS\System32\combase.dll
0x00007ffd9ac40000 - 0x00007ffd9acba000 	C:\WINDOWS\System32\bcryptPrimitives.dll
0x00007ffd9bbe0000 - 0x00007ffd9bc0d000 	C:\WINDOWS\System32\IMM32.DLL
0x000000006f910000 - 0x000000006f9e2000 	C:\Program Files\Java\jdk1.8.0_131\jre\bin\msvcr100.dll
0x000000006fba0000 - 0x000000007043c000 	C:\Program Files\Java\jdk1.8.0_131\jre\bin\server\jvm.dll
0x00007ffd9acc0000 - 0x00007ffd9acc8000 	C:\WINDOWS\System32\PSAPI.DLL
0x00007ffd893c0000 - 0x00007ffd893e3000 	C:\WINDOWS\SYSTEM32\WINMM.dll
0x00007ffd93b00000 - 0x00007ffd93b0a000 	C:\WINDOWS\SYSTEM32\VERSION.dll
0x00007ffd94a00000 - 0x00007ffd94a09000 	C:\WINDOWS\SYSTEM32\WSOCK32.dll
0x00007ffd9ba40000 - 0x00007ffd9baac000 	C:\WINDOWS\System32\WS2_32.dll
0x00007ffd89360000 - 0x00007ffd8938a000 	C:\WINDOWS\SYSTEM32\WINMMBASE.dll
0x00007ffd9a010000 - 0x00007ffd9a059000 	C:\WINDOWS\System32\cfgmgr32.dll
0x000000006fab0000 - 0x000000006fabf000 	C:\Program Files\Java\jdk1.8.0_131\jre\bin\verify.dll
0x000000006fa80000 - 0x000000006faa9000 	C:\Program Files\Java\jdk1.8.0_131\jre\bin\java.dll
0x000000006fa60000 - 0x000000006fa76000 	C:\Program Files\Java\jdk1.8.0_131\jre\bin\zip.dll

VM Arguments:
jvm_args: -Dfile.encoding=Cp1252 
java_command: VirtualPetShelterApp
java_class_path (initial): C:\Program Files\Java\jdk1.8.0_131\jre\lib\resources.jar;C:\Program Files\Java\jdk1.8.0_131\jre\lib\rt.jar;C:\Program Files\Java\jdk1.8.0_131\jre\lib\jsse.jar;C:\Program Files\Java\jdk1.8.0_131\jre\lib\jce.jar;C:\Program Files\Java\jdk1.8.0_131\jre\lib\charsets.jar;C:\Program Files\Java\jdk1.8.0_131\jre\lib\jfr.jar;C:\Program Files\Java\jdk1.8.0_131\jre\lib\ext\access-bridge-64.jar;C:\Program Files\Java\jdk1.8.0_131\jre\lib\ext\cldrdata.jar;C:\Program Files\Java\jdk1.8.0_131\jre\lib\ext\dnsns.jar;C:\Program Files\Java\jdk1.8.0_131\jre\lib\ext\jaccess.jar;C:\Program Files\Java\jdk1.8.0_131\jre\lib\ext\jfxrt.jar;C:\Program Files\Java\jdk1.8.0_131\jre\lib\ext\localedata.jar;C:\Program Files\Java\jdk1.8.0_131\jre\lib\ext\nashorn.jar;C:\Program Files\Java\jdk1.8.0_131\jre\lib\ext\sunec.jar;C:\Program Files\Java\jdk1.8.0_131\jre\lib\ext\sunjce_provider.jar;C:\Program Files\Java\jdk1.8.0_131\jre\lib\ext\sunmscapi.jar;C:\Program Files\Java\jdk1.8.0_131\jre\lib\ext\sunpkcs11.jar;C:\Program Files\Java\jdk1.8.0_131\jre\lib\ext\zipfs.jar;C:\Users\WeCanCodeIT\wcci\code\virtual-pets-amok\bin;C:\Users\WeCanCodeIT\.gradle\caches\modules-2\files-2.1\org.hamcrest\hamcrest-all\1.3\63a21ebc981131004ad02e0434e799fd7f3a8d5a\hamcrest-all-1.3.jar;C:\Users\WeCanCodeIT\.gradle\caches\modules-2\files-2.1\org.mockito\mockito-core\1.10.19\e8546f5bef4e061d8dd73895b4e8f40e3fe6effe\mockito-core-1.10.19.jar;C:\Users\WeCanCodeIT\.gradle\caches\modules-2\files-2.1\junit\junit\4.12\2973d150c0dc1fefe998f834810d68f278ea58ec\junit-4.12.jar;C:\Users\WeCanCodeIT\.gradle\caches\modules-2\files-2.1\org.objenesis\objenesis\2.1\87c0ea803b69252868d09308b4618f766f135a96\objenesis-2.1.jar
Launcher Type: SUN_STANDARD

Environment Variables:
PATH=C:/Program Files/Java/jdk1.8.0_131/bin/../jre/bin/server;C:/Program Files/Java/jdk1.8.0_131/bin/../jre/bin;C:/Program Files/Java/jdk1.8.0_131/bin/../jre/lib/amd64;C:\Program Files (x86)\Common Files\Oracle\Java\javapath;C:\Program Files (x86)\Intel\iCLS Client\;C:\Program Files\Intel\iCLS Client\;C:\ProgramData\Oracle\Java\javapath;C:\WINDOWS\system32;C:\WINDOWS;C:\WINDOWS\System32\Wbem;C:\Program Files\Sublime Text 3;C:\gradle\3.5\bin;C:\lazybones\0.8.3\bin;C:\WINDOWS\System32\WindowsPowerShell\v1.0\;C:\Program Files (x86)\Intel\Intel(R) Management Engine Components\DAL;C:\Program Files\Intel\Intel(R) Management Engine Components\DAL;C:\Program Files (x86)\Intel\Intel(R) Management Engine Components\IPT;C:\Program Files\Intel\Intel(R) Management Engine Components\IPT;C:\WINDOWS\System32\OpenSSH\;C:\Users\WeCanCodeIT\AppData\Local\Microsoft\WindowsApps;;C:\eclipse\neon\eclipse;
USERNAME=WeCanCodeIT
OS=Windows_NT
PROCESSOR_IDENTIFIER=Intel64 Family 6 Model 58 Stepping 9, GenuineIntel



---------------  S Y S T E M  ---------------

OS: Windows 10.0 , 64 bit Build 17134 (10.0.17134.1)

CPU:total 4 (initial active 4) (2 cores per cpu, 2 threads per core) family 6 model 58 stepping 9, cmov, cx8, fxsr, mmx, sse, sse2, sse3, ssse3, sse4.1, sse4.2, popcnt, avx, aes, clmul, erms, ht, tsc, tscinvbit, tscinv

Memory: 4k page, physical 8256652k(3790464k free), swap 33422476k(5804k free)

vm_info: Java HotSpot(TM) 64-Bit Server VM (25.131-b11) for windows-amd64 JRE (1.8.0_131-b11), built on Mar 15 2017 01:23:53 by "java_re" with MS VC++ 10.0 (VS2010)

time: Sun Jun 10 15:50:43 2018
elapsed time: 0 seconds (0d 0h 0m 0s)

